d:\study\iii\oop\mp four\bgi2010\miniproject4\debug\vc120.pdb
d:\study\iii\oop\mp four\bgi2010\miniproject4\debug\vc120.idb
d:\study\iii\oop\mp four\bgi2010\miniproject4\debug\bgiout.obj
d:\study\iii\oop\mp four\bgi2010\miniproject4\debug\dibutil.obj
d:\study\iii\oop\mp four\bgi2010\miniproject4\debug\drawing.obj
d:\study\iii\oop\mp four\bgi2010\miniproject4\debug\file.obj
d:\study\iii\oop\mp four\bgi2010\miniproject4\debug\misc.obj
d:\study\iii\oop\mp four\bgi2010\miniproject4\debug\mouse.obj
d:\study\iii\oop\mp four\bgi2010\miniproject4\debug\palette.obj
d:\study\iii\oop\mp four\bgi2010\miniproject4\debug\main.obj
d:\study\iii\oop\mp four\bgi2010\miniproject4\debug\text.obj
d:\study\iii\oop\mp four\bgi2010\miniproject4\debug\winbgi.obj
d:\study\iii\oop\mp four\bgi2010\miniproject4\debug\winthread.obj
d:\study\iii\oop\mp four\bgi2010\miniproject4\debug\vc140.pdb
d:\study\iii\oop\mp four\bgi2010\miniproject4\debug\vc140.idb
d:\study\iii\oop\mp four\bgi2010\miniproject4\debug\bgi.ilk
d:\study\iii\oop\mp four\bgi2010\miniproject4\debug\bgi.exe
d:\study\iii\oop\mp four\bgi2010\miniproject4\debug\bgi.pdb
d:\study\iii\oop\mp four\bgi2010\miniproject4\debug\bgi.tlog\cl.command.1.tlog
d:\study\iii\oop\mp four\bgi2010\miniproject4\debug\bgi.tlog\cl.read.1.tlog
d:\study\iii\oop\mp four\bgi2010\miniproject4\debug\bgi.tlog\cl.write.1.tlog
d:\study\iii\oop\mp four\bgi2010\miniproject4\debug\bgi.tlog\link.command.1.tlog
d:\study\iii\oop\mp four\bgi2010\miniproject4\debug\bgi.tlog\link.read.1.tlog
d:\study\iii\oop\mp four\bgi2010\miniproject4\debug\bgi.tlog\link.write.1.tlog
